<?xml version="1.0" encoding="UTF-8"?>
<!-- Generated by org.testng.reporters.JUnitReportReporter -->
<testsuite hostname="AGRN50838304A" name="example.NewTest" tests="1" failures="0" timestamp="30 Jun 2016 15:06:45 GMT" time="4.453" errors="0">
  <testcase name="f" time="4.453" classname="example.NewTest"/>
</testsuite> <!-- example.NewTest -->
